PROJECTS/SyncSound/app/build/intermediates/manifest_merge_blame_file/release/processReleaseMainManifest/manifest-merger-blame-release-report.txt
1<?xml version="1.0" encoding="utf-8"?>
2<manifest xmlns:android="http://schemas.android.com/apk/res/android"
3    package="com.syncsound.app"
4    android:versionCode="1"
5    android:versionName="1.0.0-rc1" >
6
7    <uses-sdk
8        android:minSdkVersion="26"
9        android:targetSdkVersion="36" />
10
11    <uses-permission android:name="android.permission.INTERNET" />
11-->src/main/AndroidManifest.xml:4:5-67
11-->src/main/AndroidManifest.xml:4:22-64
12    <uses-permission android:name="android.permission.ACCESS_NETWORK_STATE" />
12-->src/main/AndroidManifest.xml:5:5-79
12-->src/main/AndroidManifest.xml:5:22-76
13    <uses-permission android:name="android.permission.CHANGE_NETWORK_STATE" />
13-->src/main/AndroidManifest.xml:6:5-79
13-->src/main/AndroidManifest.xml:6:22-76
14    <uses-permission android:name="android.permission.ACCESS_WIFI_STATE" />
14-->src/main/AndroidManifest.xml:7:5-76
14-->src/main/AndroidManifest.xml:7:22-73
15    <uses-permission android:name="android.permission.CHANGE_WIFI_MULTICAST_STATE" />
15-->src/main/AndroidManifest.xml:8:5-86
15-->src/main/AndroidManifest.xml:8:22-83
16    <uses-permission android:name="android.permission.FOREGROUND_SERVICE" />
16-->src/main/AndroidManifest.xml:9:5-77
16-->src/main/AndroidManifest.xml:9:22-74
17    <uses-permission android:name="android.permission.FOREGROUND_SERVICE_MEDIA_PLAYBACK" />
17-->src/main/AndroidManifest.xml:10:5-92
17-->src/main/AndroidManifest.xml:10:22-89
18    <uses-permission android:name="android.permission.FOREGROUND_SERVICE_CONNECTED_DEVICE" />
18-->src/main/AndroidManifest.xml:11:5-94
18-->src/main/AndroidManifest.xml:11:22-91
19    <uses-permission android:name="android.permission.FOREGROUND_SERVICE_MEDIA_PROJECTION" />
19-->src/main/AndroidManifest.xml:12:5-94
19-->src/main/AndroidManifest.xml:12:22-91
20    <uses-permission android:name="android.permission.POST_NOTIFICATIONS" />
20-->src/main/AndroidManifest.xml:13:5-77
20-->src/main/AndroidManifest.xml:13:22-74
21    <uses-permission android:name="android.permission.RECORD_AUDIO" />
21-->src/main/AndroidManifest.xml:14:5-71
21-->src/main/AndroidManifest.xml:14:22-68
22    <uses-permission
22-->src/main/AndroidManifest.xml:15:5-18:31
23        android:name="android.permission.NEARBY_WIFI_DEVICES"
23-->src/main/AndroidManifest.xml:16:9-62
24        android:usesPermissionFlags="neverForLocation" />
24-->src/main/AndroidManifest.xml:17:9-55
25
26    <permission
26-->[androidx.core:core:1.18.0] AndroidManifest.xml:22:5-24:47
27        android:name="com.syncsound.app.DYNAMIC_RECEIVER_NOT_EXPORTED_PERMISSION"
27-->[androidx.core:core:1.18.0] AndroidManifest.xml:23:9-81
28        android:protectionLevel="signature" />
28-->[androidx.core:core:1.18.0] AndroidManifest.xml:24:9-44
29
30    <uses-permission android:name="com.syncsound.app.DYNAMIC_RECEIVER_NOT_EXPORTED_PERMISSION" />
30-->[androidx.core:core:1.18.0] AndroidManifest.xml:26:5-97
30-->[androidx.core:core:1.18.0] AndroidManifest.xml:26:22-94
31
32    <application
32-->src/main/AndroidManifest.xml:20:5-43:19
33        android:name="com.syncsound.app.SyncSoundApplication"
33-->src/main/AndroidManifest.xml:21:9-45
34        android:allowBackup="true"
34-->src/main/AndroidManifest.xml:22:9-35
35        android:appComponentFactory="androidx.core.app.CoreComponentFactory"
35-->[androidx.core:core:1.18.0] AndroidManifest.xml:28:18-86
36        android:dataExtractionRules="@xml/data_extraction_rules"
36-->src/main/AndroidManifest.xml:23:9-65
37        android:extractNativeLibs="false"
38        android:fullBackupContent="@xml/backup_rules"
38-->src/main/AndroidManifest.xml:24:9-54
39        android:icon="@drawable/ic_launcher_foreground"
39-->src/main/AndroidManifest.xml:25:9-56
40        android:label="@string/app_name"
40-->src/main/AndroidManifest.xml:26:9-41
41        android:roundIcon="@drawable/ic_launcher_foreground"
41-->src/main/AndroidManifest.xml:27:9-61
42        android:supportsRtl="true"
42-->src/main/AndroidManifest.xml:28:9-35
43        android:theme="@style/Theme.SyncSound"
43-->src/main/AndroidManifest.xml:29:9-47
44        android:usesCleartextTraffic="true" >
44-->src/main/AndroidManifest.xml:30:9-44
45        <activity
45-->src/main/AndroidManifest.xml:31:9-38:20
46            android:name="com.syncsound.app.MainActivity"
46-->src/main/AndroidManifest.xml:32:13-41
47            android:exported="true" >
47-->src/main/AndroidManifest.xml:33:13-36
48            <intent-filter>
48-->src/main/AndroidManifest.xml:34:13-37:29
49                <action android:name="android.intent.action.MAIN" />
49-->src/main/AndroidManifest.xml:35:17-69
49-->src/main/AndroidManifest.xml:35:25-66
50
51                <category android:name="android.intent.category.LAUNCHER" />
51-->src/main/AndroidManifest.xml:36:17-77
51-->src/main/AndroidManifest.xml:36:27-74
52            </intent-filter>
53        </activity>
54
55        <service
55-->src/main/AndroidManifest.xml:39:9-42:93
56            android:name="com.syncsound.app.service.SessionForegroundService"
56-->src/main/AndroidManifest.xml:40:13-61
57            android:exported="false"
57-->src/main/AndroidManifest.xml:41:13-37
58            android:foregroundServiceType="connectedDevice|mediaPlayback|mediaProjection" />
58-->src/main/AndroidManifest.xml:42:13-90
59
60        <uses-library
60-->[androidx.window:window:1.5.0] AndroidManifest.xml:23:9-25:40
61            android:name="androidx.window.extensions"
61-->[androidx.window:window:1.5.0] AndroidManifest.xml:24:13-54
62            android:required="false" />
62-->[androidx.window:window:1.5.0] AndroidManifest.xml:25:13-37
63        <uses-library
63-->[androidx.window:window:1.5.0] AndroidManifest.xml:26:9-28:40
64            android:name="androidx.window.sidecar"
64-->[androidx.window:window:1.5.0] AndroidManifest.xml:27:13-51
65            android:required="false" />
65-->[androidx.window:window:1.5.0] AndroidManifest.xml:28:13-37
66
67        <provider
67-->[androidx.emoji2:emoji2:1.4.0] AndroidManifest.xml:24:9-32:20
68            android:name="androidx.startup.InitializationProvider"
68-->[androidx.emoji2:emoji2:1.4.0] AndroidManifest.xml:25:13-67
69            android:authorities="com.syncsound.app.androidx-startup"
69-->[androidx.emoji2:emoji2:1.4.0] AndroidManifest.xml:26:13-68
70            android:exported="false" >
70-->[androidx.emoji2:emoji2:1.4.0] AndroidManifest.xml:27:13-37
71            <meta-data
71-->[androidx.emoji2:emoji2:1.4.0] AndroidManifest.xml:29:13-31:52
72                android:name="androidx.emoji2.text.EmojiCompatInitializer"
72-->[androidx.emoji2:emoji2:1.4.0] AndroidManifest.xml:30:17-75
73                android:value="androidx.startup" />
73-->[androidx.emoji2:emoji2:1.4.0] AndroidManifest.xml:31:17-49
74            <meta-data
74-->[androidx.lifecycle:lifecycle-process:2.10.0] AndroidManifest.xml:29:13-31:52
75                android:name="androidx.lifecycle.ProcessLifecycleInitializer"
75-->[androidx.lifecycle:lifecycle-process:2.10.0] AndroidManifest.xml:30:17-78
76                android:value="androidx.startup" />
76-->[androidx.lifecycle:lifecycle-process:2.10.0] AndroidManifest.xml:31:17-49
77            <meta-data
77-->[androidx.profileinstaller:profileinstaller:1.4.0] AndroidManifest.xml:29:13-31:52
78                android:name="androidx.profileinstaller.ProfileInstallerInitializer"
78-->[androidx.profileinstaller:profileinstaller:1.4.0] AndroidManifest.xml:30:17-85
79                android:value="androidx.startup" />
79-->[androidx.profileinstaller:profileinstaller:1.4.0] AndroidManifest.xml:31:17-49
80        </provider>
81
82        <receiver
82-->[androidx.profileinstaller:profileinstaller:1.4.0] AndroidManifest.xml:34:9-52:20
83            android:name="androidx.profileinstaller.ProfileInstallReceiver"
83-->[androidx.profileinstaller:profileinstaller:1.4.0] AndroidManifest.xml:35:13-76
84            android:directBootAware="false"
84-->[androidx.profileinstaller:profileinstaller:1.4.0] AndroidManifest.xml:36:13-44
85            android:enabled="true"
85-->[androidx.profileinstaller:profileinstaller:1.4.0] AndroidManifest.xml:37:13-35
86            android:exported="true"
86-->[androidx.profileinstaller:profileinstaller:1.4.0] AndroidManifest.xml:38:13-36
87            android:permission="android.permission.DUMP" >
87-->[androidx.profileinstaller:profileinstaller:1.4.0] AndroidManifest.xml:39:13-57
88            <intent-filter>
88-->[androidx.profileinstaller:profileinstaller:1.4.0] AndroidManifest.xml:40:13-42:29
89                <action android:name="androidx.profileinstaller.action.INSTALL_PROFILE" />
89-->[androidx.profileinstaller:profileinstaller:1.4.0] AndroidManifest.xml:41:17-91
89-->[androidx.profileinstaller:profileinstaller:1.4.0] AndroidManifest.xml:41:25-88
90            </intent-filter>
91            <intent-filter>
91-->[androidx.profileinstaller:profileinstaller:1.4.0] AndroidManifest.xml:43:13-45:29
92                <action android:name="androidx.profileinstaller.action.SKIP_FILE" />
92-->[androidx.profileinstaller:profileinstaller:1.4.0] AndroidManifest.xml:44:17-85
92-->[androidx.profileinstaller:profileinstaller:1.4.0] AndroidManifest.xml:44:25-82
93            </intent-filter>
94            <intent-filter>
94-->[androidx.profileinstaller:profileinstaller:1.4.0] AndroidManifest.xml:46:13-48:29
95                <action android:name="androidx.profileinstaller.action.SAVE_PROFILE" />
95-->[androidx.profileinstaller:profileinstaller:1.4.0] AndroidManifest.xml:47:17-88
95-->[androidx.profileinstaller:profileinstaller:1.4.0] AndroidManifest.xml:47:25-85
96            </intent-filter>
97            <intent-filter>
97-->[androidx.profileinstaller:profileinstaller:1.4.0] AndroidManifest.xml:49:13-51:29
98                <action android:name="androidx.profileinstaller.action.BENCHMARK_OPERATION" />
98-->[androidx.profileinstaller:profileinstaller:1.4.0] AndroidManifest.xml:50:17-95
98-->[androidx.profileinstaller:profileinstaller:1.4.0] AndroidManifest.xml:50:25-92
99            </intent-filter>
100        </receiver>
101    </application>
102
103</manifest>